<?xml version="1.0" encoding="UTF-8"?>
<!-- Generated by org.testng.reporters.JUnitXMLReporter -->
<testsuite hostname="MSTYCZEN" ignored="2" name="Game Search and Login" tests="3" failures="0" timestamp="23 sty 2018 11:48:41 GMT" time="100.447" errors="0">
  <testcase name="WHVegasMainTestPage" time="4.563" classname="tests.MainPageTest"/>
  <testcase name="testGameAfterSearchScreenMobile" time="6.361" classname="tests.SearchResultTest"/>
  <testcase name="loginWindowTestMobile" time="9.945" classname="tests.LoginFormTest"/>
  <testcase name="loginWindowTestDesktop" time="0.0" classname="tests.LoginFormTest">
    <ignored/>
  </testcase> <!-- loginWindowTestDesktop -->
  <testcase name="testGameAfterSearchScreenDesktop" time="0.0" classname="tests.SearchResultTest">
    <ignored/>
  </testcase> <!-- testGameAfterSearchScreenDesktop -->
</testsuite> <!-- Game Search and Login -->
